<?xml version="1.0" encoding="UTF-8"?>
<Site BuildName="(empty)"
	BuildStamp="20250425-0622-Experimental"
	Name="(empty)"
	Generator="ctest-3.31.5"
	CompilerName=""
	CompilerVersion=""
	OSName="macOS"
	Hostname="ratbook.local"
	OSRelease="15.3.2"
	OSVersion="24D81"
	OSPlatform="arm64"
	Is64Bits="1"
	VendorString="Apple"
	VendorID="Apple"
	FamilyID="0"
	ModelID="0"
	ModelName="Apple M3 Pro"
	ProcessorCacheSize="131072"
	NumberOfLogicalCPU="11"
	NumberOfPhysicalCPU="11"
	TotalVirtualMemory="0"
	TotalPhysicalMemory="18432"
	LogicalProcessorsPerPhysical="11"
	ProcessorClockFrequency="0"
	>
	<Testing>
		<StartDateTime>Apr 25 16:10 BST</StartDateTime>
		<StartTestTime>1745593842</StartTestTime>
		<TestList/>
		<EndDateTime>Apr 25 16:10 BST</EndDateTime>
		<EndTestTime>1745593842</EndTestTime>
		<ElapsedMinutes>0</ElapsedMinutes>
	</Testing>
</Site>
